<?xml version="1.0" encoding="UTF-8"?>
<testsuite name="ShooterTest" tests="6" skipped="0" failures="0" errors="0" timestamp="2023-07-04T19:38:09" hostname="SANDRO" time="0.072">
  <properties/>
  <testcase name="testException()" classname="ShooterTest" time="0.051"/>
  <testcase name="testRPG()" classname="ShooterTest" time="0.003"/>
  <testcase name="testAvtomat()" classname="ShooterTest" time="0.003"/>
  <testcase name="testWaterPistolet()" classname="ShooterTest" time="0.002"/>
  <testcase name="testPistolet()" classname="ShooterTest" time="0.001"/>
  <testcase name="testRogatka()" classname="ShooterTest" time="0.002"/>
  <system-out><![CDATA[]]></system-out>
  <system-err><![CDATA[]]></system-err>
</testsuite>
